Started GET "/" for ::1 at 2019-06-10 09:16:34 -0700
DEPRECATION WARNING: ActiveRecord::Base.raise_in_transactional_callbacks= is deprecated, has no effect and will be removed without replacement. (called from block (3 levels) in <class:Railtie> at /Users/CalebFowler/.rbenv/versions/2.5.1/lib/ruby/gems/2.5.0/gems/activerecord-5.0.7.2/lib/active_record/railtie.rb:113)
Processing by StaticPagesController#index as HTML
  Rendering static_pages/index.html.erb within layouts/application
  Rendered shared/_main_nav.html.erb (0.4ms)
  Rendered shared/_masthead.html.erb (0.5ms)
  Rendered shared/_sections_nav.html.erb (0.4ms)
  Rendered shared/_search_modal.html.erb (0.3ms)
  Rendered shared/_main_content.html.erb (0.4ms)
  Rendered static_pages/index.html.erb within layouts/application (20.3ms)
Completed 200 OK in 658ms (Views: 655.2ms | ActiveRecord: 0.0ms)


Started GET "/assets/application.self-4c3a2081df083a0a68816c4e8a484125f83443954ea421cf64f6d56e7e256beb.css?body=1" for ::1 at 2019-06-10 09:16:36 -0700
Started GET "/assets/jquery.self-bd7ddd393353a8d2480a622e80342adf488fb6006d667e8b42e4c0073393abee.js?body=1" for ::1 at 2019-06-10 09:16:36 -0700
Started GET "/assets/components/modal.self-52188644dbb47def5ee35ae02e69eb567ca9b664472357a8a5789dd39032a265.js?body=1" for ::1 at 2019-06-10 09:16:36 -0700
Started GET "/assets/jquery_ujs.self-784a997f6726036b1993eb2217c9cb558e1cbb801c6da88105588c56f13b466a.js?body=1" for ::1 at 2019-06-10 09:16:36 -0700
Started GET "/assets/components/dropdown.self-815016af6fab1d5b72abd319213bf62f0c42bab2c585d2e059543ae704a0d74c.js?body=1" for ::1 at 2019-06-10 09:16:36 -0700
Started GET "/assets/components/sidebar.self-2a1277f850a6fa21e1a974ef5152f177ac05516477d5081d593bb137b3d6808b.js?body=1" for ::1 at 2019-06-10 09:16:36 -0700
Started GET "/assets/application.self-f571b9db02bf4ed04c38a6a29072ac382f7d4f47db1fab9817aeadb0d8665235.js?body=1" for ::1 at 2019-06-10 09:16:36 -0700
Started GET "/assets/application.self-4c3a2081df083a0a68816c4e8a484125f83443954ea421cf64f6d56e7e256beb.css?body=1&livereload=1560183837855" for ::1 at 2019-06-10 09:23:57 -0700
Started GET "/assets/application.self-4c3a2081df083a0a68816c4e8a484125f83443954ea421cf64f6d56e7e256beb.css?body=1&livereload=1560183837857" for ::1 at 2019-06-10 09:23:57 -0700
Started GET "/assets/application.self-4c3a2081df083a0a68816c4e8a484125f83443954ea421cf64f6d56e7e256beb.css?body=1&livereload=1560183838499" for ::1 at 2019-06-10 09:23:58 -0700
Started GET "/assets/application.self-4c3a2081df083a0a68816c4e8a484125f83443954ea421cf64f6d56e7e256beb.css?body=1&livereload=1560183838497" for ::1 at 2019-06-10 09:23:58 -0700
Started GET "/" for ::1 at 2019-06-10 09:24:07 -0700
Processing by StaticPagesController#index as HTML
  Rendering static_pages/index.html.erb within layouts/application
  Rendered shared/_main_nav.html.erb (1.2ms)
  Rendered shared/_masthead.html.erb (0.4ms)
  Rendered shared/_sections_nav.html.erb (0.4ms)
  Rendered shared/_search_modal.html.erb (0.3ms)
  Rendered shared/_main_content.html.erb (0.6ms)
  Rendered static_pages/index.html.erb within layouts/application (16.7ms)
Completed 200 OK in 58ms (Views: 54.5ms | ActiveRecord: 0.0ms)


Started GET "/assets/application.self-28fac222831080c871edea995613d9e0ff656a7095e79e13e448b8b3ec79c0d8.css?body=1" for ::1 at 2019-06-10 09:24:07 -0700
Started GET "/assets/application.self-28fac222831080c871edea995613d9e0ff656a7095e79e13e448b8b3ec79c0d8.css?body=1&livereload=1560185041079" for ::1 at 2019-06-10 09:44:01 -0700
Started GET "/assets/application.self-28fac222831080c871edea995613d9e0ff656a7095e79e13e448b8b3ec79c0d8.css?body=1&livereload=1560185041080" for ::1 at 2019-06-10 09:44:01 -0700
Started GET "/assets/application.self-28fac222831080c871edea995613d9e0ff656a7095e79e13e448b8b3ec79c0d8.css?body=1&livereload=1560185113262" for ::1 at 2019-06-10 09:45:13 -0700
Started GET "/assets/application.self-28fac222831080c871edea995613d9e0ff656a7095e79e13e448b8b3ec79c0d8.css?body=1&livereload=1560185113261" for ::1 at 2019-06-10 09:45:13 -0700
Started GET "/assets/application.self-28fac222831080c871edea995613d9e0ff656a7095e79e13e448b8b3ec79c0d8.css?body=1&livereload=1560185132586" for ::1 at 2019-06-10 09:45:32 -0700
Started GET "/assets/application.self-28fac222831080c871edea995613d9e0ff656a7095e79e13e448b8b3ec79c0d8.css?body=1&livereload=1560185132587" for ::1 at 2019-06-10 09:45:32 -0700
Started GET "/assets/application.self-28fac222831080c871edea995613d9e0ff656a7095e79e13e448b8b3ec79c0d8.css?body=1&livereload=1560185160076" for ::1 at 2019-06-10 09:46:00 -0700
Started GET "/assets/application.self-28fac222831080c871edea995613d9e0ff656a7095e79e13e448b8b3ec79c0d8.css?body=1&livereload=1560185160077" for ::1 at 2019-06-10 09:46:00 -0700
Started GET "/" for ::1 at 2019-06-10 09:46:20 -0700
Processing by StaticPagesController#index as HTML
  Rendering static_pages/index.html.erb within layouts/application
  Rendered shared/_main_nav.html.erb (0.4ms)
  Rendered shared/_masthead.html.erb (0.4ms)
  Rendered shared/_sections_nav.html.erb (1.5ms)
  Rendered shared/_search_modal.html.erb (2.5ms)
  Rendered shared/_main_content.html.erb (1.7ms)
  Rendered static_pages/index.html.erb within layouts/application (37.2ms)
Completed 200 OK in 110ms (Views: 106.1ms | ActiveRecord: 0.0ms)


Started GET "/assets/application.self-ef61673535e1f3f42c17a4f59e7854d70c4ed0f8869d75be24cd09111d06171e.css?body=1" for ::1 at 2019-06-10 09:46:20 -0700
Started GET "/" for ::1 at 2019-06-10 09:46:23 -0700
Processing by StaticPagesController#index as HTML
  Rendering static_pages/index.html.erb within layouts/application
  Rendered shared/_main_nav.html.erb (0.4ms)
  Rendered shared/_masthead.html.erb (0.2ms)
  Rendered shared/_sections_nav.html.erb (0.2ms)
  Rendered shared/_search_modal.html.erb (0.2ms)
  Rendered shared/_main_content.html.erb (0.4ms)
  Rendered static_pages/index.html.erb within layouts/application (10.5ms)
Completed 200 OK in 40ms (Views: 37.5ms | ActiveRecord: 0.0ms)


Started GET "/" for ::1 at 2019-06-10 09:49:56 -0700
Processing by StaticPagesController#index as HTML
  Rendering static_pages/index.html.erb within layouts/application
  Rendered shared/_gear_dropdown.html.erb (0.9ms)
  Rendered shared/_main_nav.html.erb (12.2ms)
  Rendered shared/_masthead.html.erb (0.4ms)
  Rendered shared/_sections_nav.html.erb (0.5ms)
  Rendered shared/_search_modal.html.erb (0.8ms)
  Rendered shared/_main_content.html.erb (0.8ms)
  Rendered static_pages/index.html.erb within layouts/application (37.4ms)
Completed 200 OK in 90ms (Views: 87.3ms | ActiveRecord: 0.0ms)


Started GET "/" for ::1 at 2019-06-10 09:49:56 -0700
Processing by StaticPagesController#index as HTML
  Rendering static_pages/index.html.erb within layouts/application
  Rendered shared/_gear_dropdown.html.erb (1.0ms)
  Rendered shared/_main_nav.html.erb (17.2ms)
  Rendered shared/_masthead.html.erb (0.6ms)
  Rendered shared/_sections_nav.html.erb (0.4ms)
  Rendered shared/_search_modal.html.erb (2.0ms)
  Rendered shared/_main_content.html.erb (0.4ms)
  Rendered static_pages/index.html.erb within layouts/application (49.0ms)
Completed 200 OK in 104ms (Views: 95.3ms | ActiveRecord: 0.0ms)


Started GET "/" for ::1 at 2019-06-10 09:50:07 -0700
Started GET "/" for ::1 at 2019-06-10 09:50:07 -0700
Processing by StaticPagesController#index as HTML
Started GET "/" for ::1 at 2019-06-10 09:50:07 -0700
  Rendering static_pages/index.html.erb within layouts/application
Processing by StaticPagesController#index as HTML
  Rendered shared/_sections_sidebar.html.erb (0.8ms)
  Rendered shared/_gear_dropdown.html.erb (0.7ms)
  Rendered shared/_main_nav.html.erb (18.3ms)
  Rendered shared/_masthead.html.erb (0.4ms)
  Rendering static_pages/index.html.erb within layouts/application
  Rendered shared/_sections_nav.html.erb (1.0ms)
  Rendered shared/_sections_sidebar.html.erb (0.2ms)
  Rendered shared/_search_modal.html.erb (0.5ms)
  Rendered shared/_gear_dropdown.html.erb (0.1ms)
  Rendered shared/_main_nav.html.erb (9.5ms)
  Rendered shared/_main_content.html.erb (0.4ms)
  Rendered static_pages/index.html.erb within layouts/application (46.5ms)
  Rendered shared/_masthead.html.erb (0.0ms)
  Rendered shared/_sections_nav.html.erb (0.1ms)
  Rendered shared/_search_modal.html.erb (0.1ms)
  Rendered shared/_main_content.html.erb (0.1ms)
  Rendered static_pages/index.html.erb within layouts/application (27.1ms)
Processing by StaticPagesController#index as HTML
  Rendering static_pages/index.html.erb within layouts/application
  Rendered shared/_sections_sidebar.html.erb (0.1ms)
  Rendered shared/_gear_dropdown.html.erb (0.1ms)
  Rendered shared/_main_nav.html.erb (9.1ms)
  Rendered shared/_masthead.html.erb (0.0ms)
  Rendered shared/_sections_nav.html.erb (0.0ms)
  Rendered shared/_search_modal.html.erb (0.1ms)
  Rendered shared/_main_content.html.erb (0.1ms)
  Rendered static_pages/index.html.erb within layouts/application (22.8ms)
Completed 200 OK in 143ms (Views: 139.2ms | ActiveRecord: 0.0ms)


Completed 200 OK in 133ms (Views: 126.5ms | ActiveRecord: 0.0ms)


Completed 200 OK in 86ms (Views: 82.5ms | ActiveRecord: 0.0ms)


Started GET "/" for ::1 at 2019-06-10 09:50:07 -0700
Processing by StaticPagesController#index as HTML
  Rendering static_pages/index.html.erb within layouts/application
  Rendered shared/_sections_sidebar.html.erb (0.4ms)
  Rendered shared/_gear_dropdown.html.erb (3.1ms)
  Rendered shared/_main_nav.html.erb (9.4ms)
  Rendered shared/_masthead.html.erb (0.6ms)
  Rendered shared/_sections_nav.html.erb (0.9ms)
  Rendered shared/_search_modal.html.erb (0.5ms)
  Rendered shared/_main_content.html.erb (0.4ms)
  Rendered static_pages/index.html.erb within layouts/application (36.5ms)
Completed 200 OK in 69ms (Views: 65.7ms | ActiveRecord: 0.0ms)


Started GET "/assets/application.self-ef61673535e1f3f42c17a4f59e7854d70c4ed0f8869d75be24cd09111d06171e.css?body=1&livereload=1560185753667" for ::1 at 2019-06-10 09:55:53 -0700
Started GET "/assets/application.self-ef61673535e1f3f42c17a4f59e7854d70c4ed0f8869d75be24cd09111d06171e.css?body=1&livereload=1560185753668" for ::1 at 2019-06-10 09:55:53 -0700
Started GET "/assets/application.self-ef61673535e1f3f42c17a4f59e7854d70c4ed0f8869d75be24cd09111d06171e.css?body=1&livereload=1560185753669" for ::1 at 2019-06-10 09:55:53 -0700
